<?xml version="1.0" encoding="UTF-8"?>
<testng-results ignored="0" total="1" passed="1" failed="0" skipped="0">
  <reporter-output>
  </reporter-output>
  <suite started-at="2022-06-03T13:32:48 IST" name="Default suite" finished-at="2022-06-03T13:33:04 IST" duration-ms="16367">
    <groups>
    </groups>
    <test started-at="2022-06-03T13:32:48 IST" name="Default test" finished-at="2022-06-03T13:33:04 IST" duration-ms="16367">
      <class name="assignment.AutomationScript">
        <test-method is-config="true" signature="launchBrowser()[pri:0, instance:assignment.AutomationScript@1e04fa0a]" started-at="2022-06-03T13:32:48 IST" name="launchBrowser" finished-at="2022-06-03T13:32:55 IST" duration-ms="7345" status="PASS">
          <reporter-output>
          </reporter-output>
        </test-method> <!-- launchBrowser -->
        <test-method signature="testScriptTest()[pri:0, instance:assignment.AutomationScript@1e04fa0a]" started-at="2022-06-03T13:32:55 IST" name="testScriptTest" finished-at="2022-06-03T13:33:04 IST" duration-ms="8980" status="PASS">
          <reporter-output>
          </reporter-output>
        </test-method> <!-- testScriptTest -->
      </class> <!-- assignment.AutomationScript -->
    </test> <!-- Default test -->
  </suite> <!-- Default suite -->
</testng-results>
